<?xml version="1.0" encoding="UTF-8"?>
<!-- Generated by org.testng.reporters.JUnitReportReporter -->
<testsuite hostname="JubinsPC" failures="0" tests="3" name="AmazonTestJenkins" time="35.253" errors="0" timestamp="2025-03-11T05:58:16 IST" skipped="0">
  <testcase classname="AmazonTestJenkins" name="testAmazon" time="11.986"/>
  <testcase classname="AmazonTestJenkins" name="testAmazon" time="10.631"/>
  <testcase classname="AmazonTestJenkins" name="testAmazon" time="12.636"/>
</testsuite> <!-- AmazonTestJenkins -->
