<?xml version="1.0" encoding="UTF-8"?>
<!-- Generated by org.testng.reporters.JUnitReportReporter -->
<testsuite hostname="JubinsPC" failures="0" tests="3" name="AmazonTestJenkins" time="45.094" errors="0" timestamp="2025-03-11T07:10:29 IST" skipped="0">
  <testcase classname="AmazonTestJenkins" name="testAmazon" time="19.329"/>
  <testcase classname="AmazonTestJenkins" name="testAmazon" time="15.973"/>
  <testcase classname="AmazonTestJenkins" name="testAmazon" time="9.792"/>
</testsuite> <!-- AmazonTestJenkins -->
